c:\users\user\onedrive - universidad nacional autónoma de méxico\facultad\8vo semestre\compu-grafica\proyecto final\proyectofinal\proyectofinal\debug\vc143.pdb
c:\users\user\onedrive - universidad nacional autónoma de méxico\facultad\8vo semestre\compu-grafica\proyecto final\proyectofinal\proyectofinal\debug\vc143.idb
c:\users\user\onedrive - universidad nacional autónoma de méxico\facultad\8vo semestre\compu-grafica\proyecto final\proyectofinal\proyectofinal\debug\window.obj
c:\users\user\onedrive - universidad nacional autónoma de méxico\facultad\8vo semestre\compu-grafica\proyecto final\proyectofinal\proyectofinal\debug\texture.obj
c:\users\user\onedrive - universidad nacional autónoma de méxico\facultad\8vo semestre\compu-grafica\proyecto final\proyectofinal\proyectofinal\debug\spotlight.obj
c:\users\user\onedrive - universidad nacional autónoma de méxico\facultad\8vo semestre\compu-grafica\proyecto final\proyectofinal\proyectofinal\debug\sphere.obj
c:\users\user\onedrive - universidad nacional autónoma de méxico\facultad\8vo semestre\compu-grafica\proyecto final\proyectofinal\proyectofinal\debug\skybox.obj
c:\users\user\onedrive - universidad nacional autónoma de méxico\facultad\8vo semestre\compu-grafica\proyecto final\proyectofinal\proyectofinal\debug\shader_light.obj
c:\users\user\onedrive - universidad nacional autónoma de méxico\facultad\8vo semestre\compu-grafica\proyecto final\proyectofinal\proyectofinal\debug\proyectofinal.obj
c:\users\user\onedrive - universidad nacional autónoma de méxico\facultad\8vo semestre\compu-grafica\proyecto final\proyectofinal\proyectofinal\debug\pointlight.obj
c:\users\user\onedrive - universidad nacional autónoma de méxico\facultad\8vo semestre\compu-grafica\proyecto final\proyectofinal\proyectofinal\debug\model.obj
c:\users\user\onedrive - universidad nacional autónoma de méxico\facultad\8vo semestre\compu-grafica\proyecto final\proyectofinal\proyectofinal\debug\mesh_tn.obj
c:\users\user\onedrive - universidad nacional autónoma de méxico\facultad\8vo semestre\compu-grafica\proyecto final\proyectofinal\proyectofinal\debug\material.obj
c:\users\user\onedrive - universidad nacional autónoma de méxico\facultad\8vo semestre\compu-grafica\proyecto final\proyectofinal\proyectofinal\debug\light.obj
c:\users\user\onedrive - universidad nacional autónoma de méxico\facultad\8vo semestre\compu-grafica\proyecto final\proyectofinal\proyectofinal\debug\directionallight.obj
c:\users\user\onedrive - universidad nacional autónoma de méxico\facultad\8vo semestre\compu-grafica\proyecto final\proyectofinal\proyectofinal\debug\camera.obj
c:\users\user\onedrive - universidad nacional autónoma de méxico\facultad\8vo semestre\compu-grafica\proyecto final\proyectofinal\proyectofinal\debug\proyectofinal.tlog\cl.command.1.tlog
c:\users\user\onedrive - universidad nacional autónoma de méxico\facultad\8vo semestre\compu-grafica\proyecto final\proyectofinal\proyectofinal\debug\proyectofinal.tlog\cl.read.1.tlog
c:\users\user\onedrive - universidad nacional autónoma de méxico\facultad\8vo semestre\compu-grafica\proyecto final\proyectofinal\proyectofinal\debug\proyectofinal.tlog\cl.write.1.tlog
c:\users\user\onedrive - universidad nacional autónoma de méxico\facultad\8vo semestre\compu-grafica\proyecto final\proyectofinal\proyectofinal\debug\proyectofinal.tlog\link.command.1.tlog
c:\users\user\onedrive - universidad nacional autónoma de méxico\facultad\8vo semestre\compu-grafica\proyecto final\proyectofinal\proyectofinal\debug\proyectofinal.tlog\link.read.1.tlog
c:\users\user\onedrive - universidad nacional autónoma de méxico\facultad\8vo semestre\compu-grafica\proyecto final\proyectofinal\proyectofinal\debug\proyectofinal.tlog\link.write.1.tlog
